2023-02-19T09:29:15.613Z - info: [ui] [AppStore] loading 1 repositories from store
2023-02-19T09:29:15.624Z - info: [ui] [AppStore] found account: Upsurge-11 (Arghyadeep Mukherjee)
2023-02-19T09:29:15.673Z - error: [ui] `git remote -v` exited with an unexpected code: 128.
stderr:
fatal: not a git repository (or any parent up to mount point /)
Stopping at filesystem boundary (GIT_DISCOVERY_ACROSS_FILESYSTEM not set).

2023-02-19T09:29:15.707Z - error: [ui] `git remote -v` exited with an unexpected code: 128.
stderr:
fatal: not a git repository (or any parent up to mount point /)
Stopping at filesystem boundary (GIT_DISCOVERY_ACROSS_FILESYSTEM not set).

2023-02-19T09:29:15.833Z - info: [ui] launching: 3.1.7-linux1 (Linux 6.1.12-arch1-1)
2023-02-19T09:29:15.835Z - info: [ui] execPath: '/opt/github-desktop/github-desktop'
2023-02-19T09:29:16.901Z - info: [ui] [fetchProtectedBranches] unable to list protected branches
Error: Not Found
    at Dt (/home/upsurge11/webpack:/[name]/app/src/lib/http.ts:178:11)
    at vn.fetchProtectedBranches (/home/upsurge11/webpack:/[name]/app/src/lib/api.ts:1355:7)
    at Zn.updateBranchProtectionsFromAPI (/home/upsurge11/webpack:/[name]/app/src/lib/stores/app-store.ts:3961:11)
2023-02-19T09:29:16.902Z - warn: [ui] fetchAll: 'repos/Upsurge-11/Web-Scraping-Selenium/pulls?state=open' returned a 404
2023-02-19T09:29:16.903Z - warn: [ui] fetchAll: 'repos/Upsurge-11/Web-Scraping-Selenium/issues?state=open' returned a 404
2023-02-19T09:29:16.904Z - warn: [ui] fetchMentionables: 'repos/Upsurge-11/Web-Scraping-Selenium/mentionables/users' returned a 404
2023-02-19T09:29:16.905Z - info: [ui] Stats reported.
2023-02-19T09:29:17.291Z - info: [ui] Subscribed 'Upsurge-11' to Alive channel
2023-02-19T19:33:31.998Z - info: [ui] [AppStore] loading 0 repositories from store
2023-02-19T19:33:32.006Z - info: [ui] [AppStore] found account: Upsurge-11 (Arghyadeep Mukherjee)
2023-02-19T19:33:32.141Z - info: [ui] launching: 3.1.7-linux1 (Linux 6.1.12-arch1-1)
2023-02-19T19:33:32.143Z - info: [ui] execPath: '/opt/github-desktop/github-desktop'
2023-02-19T19:33:33.595Z - info: [ui] Subscribed 'Upsurge-11' to Alive channel
2023-02-19T19:35:16.960Z - info: [ui] [AppStore] adding repository at /home/upsurge11/.config to store
2023-02-19T19:35:21.939Z - info: [ui] Executing updateIndex: git update-index --add --remove --replace -z --stdin (took 4.484s)
2023-02-19T19:35:51.474Z - info: [ui] [AppStore.withAuthenticatingUser] account found for repository: .config - Upsurge-11 (has token)
2023-02-19T19:35:51.474Z - info: [ui] [RepositoryIndicatorUpdater]: Refreshing sidebar indicators for 1 repositories took 0.4s of which 0.0s paused, total 0.4s
2023-02-19T19:35:52.014Z - info: [ui] [BranchPruner] No branches to prune.
2023-02-19T19:36:37.017Z - info: [ui] Executing push: git -c credential.helper= push origin main --set-upstream --progress (took 50.623s)
2023-02-19T19:36:38.172Z - info: [ui] Executing fetch: git -c credential.helper= fetch --progress --prune --recurse-submodules=on-demand origin (took 1.153s)
2023-02-19T19:36:39.498Z - info: [ui] Executing updateRemoteHEAD: git -c credential.helper= remote set-head -a origin (took 1.324s)
2023-02-19T19:37:16.540Z - info: [ui] [AppStore.withAuthenticatingUser] account found for repository: Dotfiles - Upsurge-11 (has token)
2023-02-19T19:37:17.894Z - info: [ui] Executing push: git -c credential.helper= push origin main --set-upstream --progress (took 1.331s)
2023-02-19T19:37:19.945Z - info: [ui] Executing updateRemoteHEAD: git -c credential.helper= remote set-head -a origin (took 1.102s)
